[ 2020-01-14T10:58:10+08:00 ] 127.0.0.1 /
INFO: [ app_init ] --START--
INFO: Run Behavior\BuildLiteBehavior [ RunTime:0.000006s ]
INFO: [ app_init ] --END-- [ RunTime:0.000461s ]
INFO: [ app_begin ] --START--
INFO: Run Behavior\ReadHtmlCacheBehavior [ RunTime:0.000351s ]
INFO: [ app_begin ] --END-- [ RunTime:0.000372s ]
NOTIC: [8192] mysql_connect(): The mysql extension is deprecated and will be removed in the future: use mysqli or PDO instead G:\phpstudy\WWW\xiangqin\xiangqin\ThinkPHP\Library\Think\Db\Driver\Mysql.class.php 第 52 行.
NOTIC: [8] Undefined index: mjpass G:\phpstudy\WWW\xiangqin\xiangqin\Application\Common\Controller\BaseController.class.php 第 49 行.
NOTIC: [8] Undefined index: mjpass G:\phpstudy\WWW\xiangqin\xiangqin\Application\Common\Controller\BaseController.class.php 第 55 行.

[ 2020-01-14T10:58:10+08:00 ] 127.0.0.1 /index.php?m=Home&c=Public&a=index
INFO: [ app_init ] --START--
INFO: Run Behavior\BuildLiteBehavior [ RunTime:0.000005s ]
INFO: [ app_init ] --END-- [ RunTime:0.000170s ]
INFO: [ app_begin ] --START--
INFO: Run Behavior\ReadHtmlCacheBehavior [ RunTime:0.000213s ]
INFO: [ app_begin ] --END-- [ RunTime:0.000234s ]
NOTIC: [8192] mysql_connect(): The mysql extension is deprecated and will be removed in the future: use mysqli or PDO instead G:\phpstudy\WWW\xiangqin\xiangqin\ThinkPHP\Library\Think\Db\Driver\Mysql.class.php 第 52 行.
NOTIC: [8] Undefined index: mjpass G:\phpstudy\WWW\xiangqin\xiangqin\Application\Common\Controller\BaseController.class.php 第 49 行.
NOTIC: [8] Undefined index: mjpass G:\phpstudy\WWW\xiangqin\xiangqin\Application\Common\Controller\BaseController.class.php 第 55 行.
INFO: [ view_parse ] --START--
INFO: Run Behavior\ParseTemplateBehavior [ RunTime:0.001213s ]
INFO: [ view_parse ] --END-- [ RunTime:0.001242s ]
INFO: [ view_filter ] --START--
INFO: Run Behavior\WriteHtmlCacheBehavior [ RunTime:0.000418s ]
INFO: [ view_filter ] --END-- [ RunTime:0.000437s ]
INFO: [ view_parse ] --START--
INFO: Run Behavior\ParseTemplateBehavior [ RunTime:0.000536s ]
INFO: [ view_parse ] --END-- [ RunTime:-0.000871s ]
INFO: [ view_filter ] --START--
INFO: Run Behavior\WriteHtmlCacheBehavior [ RunTime:0.000005s ]
INFO: [ view_filter ] --END-- [ RunTime:-0.000967s ]
INFO: [ app_end ] --START--
INFO: Run Behavior\ShowPageTraceBehavior [ RunTime:0.000390s ]
INFO: [ app_end ] --END-- [ RunTime:0.000409s ]

[ 2020-01-14T10:58:13+08:00 ] 127.0.0.1 /index.php?m=Home&c=Public&a=reg&sex=1
INFO: [ app_init ] --START--
INFO: Run Behavior\BuildLiteBehavior [ RunTime:0.000006s ]
INFO: [ app_init ] --END-- [ RunTime:0.000157s ]
INFO: [ app_begin ] --START--
INFO: Run Behavior\ReadHtmlCacheBehavior [ RunTime:0.000183s ]
INFO: [ app_begin ] --END-- [ RunTime:0.000203s ]
NOTIC: [8192] mysql_connect(): The mysql extension is deprecated and will be removed in the future: use mysqli or PDO instead G:\phpstudy\WWW\xiangqin\xiangqin\ThinkPHP\Library\Think\Db\Driver\Mysql.class.php 第 52 行.
NOTIC: [8] Undefined index: mjpass G:\phpstudy\WWW\xiangqin\xiangqin\Application\Common\Controller\BaseController.class.php 第 49 行.
NOTIC: [8] Undefined index: mjpass G:\phpstudy\WWW\xiangqin\xiangqin\Application\Common\Controller\BaseController.class.php 第 55 行.
INFO: [ view_parse ] --START--
INFO: Run Behavior\ParseTemplateBehavior [ RunTime:0.009842s ]
INFO: [ view_parse ] --END-- [ RunTime:0.009872s ]
INFO: [ view_filter ] --START--
INFO: Run Behavior\WriteHtmlCacheBehavior [ RunTime:0.000116s ]
INFO: [ view_filter ] --END-- [ RunTime:0.000134s ]
INFO: [ view_parse ] --START--
INFO: Run Behavior\ParseTemplateBehavior [ RunTime:0.000184s ]
INFO: [ view_parse ] --END-- [ RunTime:-0.000232s ]
INFO: [ view_filter ] --START--
INFO: Run Behavior\WriteHtmlCacheBehavior [ RunTime:0.000003s ]
INFO: [ view_filter ] --END-- [ RunTime:-0.000296s ]
INFO: [ app_end ] --START--
INFO: Run Behavior\ShowPageTraceBehavior [ RunTime:0.000267s ]
INFO: [ app_end ] --END-- [ RunTime:0.000282s ]

[ 2020-01-14T10:58:21+08:00 ] 127.0.0.1 /index.php?m=Home&c=Public&a=index
INFO: [ app_init ] --START--
INFO: Run Behavior\BuildLiteBehavior [ RunTime:0.000005s ]
INFO: [ app_init ] --END-- [ RunTime:0.000140s ]
INFO: [ app_begin ] --START--
INFO: Run Behavior\ReadHtmlCacheBehavior [ RunTime:0.000187s ]
INFO: [ app_begin ] --END-- [ RunTime:0.000208s ]
NOTIC: [8192] mysql_connect(): The mysql extension is deprecated and will be removed in the future: use mysqli or PDO instead G:\phpstudy\WWW\xiangqin\xiangqin\ThinkPHP\Library\Think\Db\Driver\Mysql.class.php 第 52 行.
NOTIC: [8] Undefined index: mjpass G:\phpstudy\WWW\xiangqin\xiangqin\Application\Common\Controller\BaseController.class.php 第 49 行.
NOTIC: [8] Undefined index: mjpass G:\phpstudy\WWW\xiangqin\xiangqin\Application\Common\Controller\BaseController.class.php 第 55 行.
INFO: [ view_parse ] --START--
INFO: Run Behavior\ParseTemplateBehavior [ RunTime:0.000351s ]
INFO: [ view_parse ] --END-- [ RunTime:0.000372s ]
INFO: [ view_filter ] --START--
INFO: Run Behavior\WriteHtmlCacheBehavior [ RunTime:0.000089s ]
INFO: [ view_filter ] --END-- [ RunTime:0.000103s ]
INFO: [ view_parse ] --START--
INFO: Run Behavior\ParseTemplateBehavior [ RunTime:0.000164s ]
INFO: [ view_parse ] --END-- [ RunTime:-0.000209s ]
INFO: [ view_filter ] --START--
INFO: Run Behavior\WriteHtmlCacheBehavior [ RunTime:0.000003s ]
INFO: [ view_filter ] --END-- [ RunTime:-0.000274s ]
INFO: [ app_end ] --START--
INFO: Run Behavior\ShowPageTraceBehavior [ RunTime:0.000300s ]
INFO: [ app_end ] --END-- [ RunTime:0.000325s ]

[ 2020-01-14T10:58:24+08:00 ] 127.0.0.1 /index.php?m=Home&c=Public&a=login
INFO: [ app_init ] --START--
INFO: Run Behavior\BuildLiteBehavior [ RunTime:0.000005s ]
INFO: [ app_init ] --END-- [ RunTime:0.000139s ]
INFO: [ app_begin ] --START--
INFO: Run Behavior\ReadHtmlCacheBehavior [ RunTime:0.000187s ]
INFO: [ app_begin ] --END-- [ RunTime:0.000207s ]
NOTIC: [8192] mysql_connect(): The mysql extension is deprecated and will be removed in the future: use mysqli or PDO instead G:\phpstudy\WWW\xiangqin\xiangqin\ThinkPHP\Library\Think\Db\Driver\Mysql.class.php 第 52 行.
NOTIC: [8] Undefined index: mjpass G:\phpstudy\WWW\xiangqin\xiangqin\Application\Common\Controller\BaseController.class.php 第 49 行.
NOTIC: [8] Undefined index: mjpass G:\phpstudy\WWW\xiangqin\xiangqin\Application\Common\Controller\BaseController.class.php 第 55 行.
INFO: [ view_parse ] --START--
INFO: Run Behavior\ParseTemplateBehavior [ RunTime:0.007403s ]
INFO: [ view_parse ] --END-- [ RunTime:0.007443s ]
INFO: [ view_filter ] --START--
INFO: Run Behavior\WriteHtmlCacheBehavior [ RunTime:0.000108s ]
INFO: [ view_filter ] --END-- [ RunTime:0.000123s ]
INFO: [ view_parse ] --START--
INFO: Run Behavior\ParseTemplateBehavior [ RunTime:0.000173s ]
INFO: [ view_parse ] --END-- [ RunTime:-0.000208s ]
INFO: [ view_filter ] --START--
INFO: Run Behavior\WriteHtmlCacheBehavior [ RunTime:0.000004s ]
INFO: [ view_filter ] --END-- [ RunTime:-0.000272s ]
INFO: [ app_end ] --START--
INFO: Run Behavior\ShowPageTraceBehavior [ RunTime:0.000284s ]
INFO: [ app_end ] --END-- [ RunTime:0.000303s ]

[ 2020-01-14T10:58:36+08:00 ] 127.0.0.1 /index.php?m=Home&c=Ajax&a=login
INFO: [ app_init ] --START--
INFO: Run Behavior\BuildLiteBehavior [ RunTime:0.000005s ]
INFO: [ app_init ] --END-- [ RunTime:0.000141s ]
INFO: [ app_begin ] --START--
INFO: Run Behavior\ReadHtmlCacheBehavior [ RunTime:0.000179s ]
INFO: [ app_begin ] --END-- [ RunTime:0.000198s ]
NOTIC: [8192] mysql_connect(): The mysql extension is deprecated and will be removed in the future: use mysqli or PDO instead G:\phpstudy\WWW\xiangqin\xiangqin\ThinkPHP\Library\Think\Db\Driver\Mysql.class.php 第 52 行.
NOTIC: [8] Undefined index: mjpass G:\phpstudy\WWW\xiangqin\xiangqin\Application\Common\Controller\BaseController.class.php 第 49 行.
NOTIC: [8] Undefined index: mjpass G:\phpstudy\WWW\xiangqin\xiangqin\Application\Common\Controller\BaseController.class.php 第 55 行.

[ 2020-01-14T10:58:42+08:00 ] 127.0.0.1 /index.php?m=Home&c=Ajax&a=login
INFO: [ app_init ] --START--
INFO: Run Behavior\BuildLiteBehavior [ RunTime:0.000004s ]
INFO: [ app_init ] --END-- [ RunTime:0.000139s ]
INFO: [ app_begin ] --START--
INFO: Run Behavior\ReadHtmlCacheBehavior [ RunTime:0.000181s ]
INFO: [ app_begin ] --END-- [ RunTime:0.000200s ]
NOTIC: [8192] mysql_connect(): The mysql extension is deprecated and will be removed in the future: use mysqli or PDO instead G:\phpstudy\WWW\xiangqin\xiangqin\ThinkPHP\Library\Think\Db\Driver\Mysql.class.php 第 52 行.
NOTIC: [8] Undefined index: mjpass G:\phpstudy\WWW\xiangqin\xiangqin\Application\Common\Controller\BaseController.class.php 第 49 行.
NOTIC: [8] Undefined index: mjpass G:\phpstudy\WWW\xiangqin\xiangqin\Application\Common\Controller\BaseController.class.php 第 55 行.
NOTIC: [8] Undefined index: mjpass G:\phpstudy\WWW\xiangqin\xiangqin\Application\Common\Controller\BaseController.class.php 第 49 行.
NOTIC: [8] Undefined index: mjpass G:\phpstudy\WWW\xiangqin\xiangqin\Application\Common\Controller\BaseController.class.php 第 55 行.
NOTIC: [8] Undefined offset: 0 G:\phpstudy\WWW\xiangqin\xiangqin\Application\Home\Controller\PublicController.class.php 第 470 行.
NOTIC: [8] Undefined offset: 0 G:\phpstudy\WWW\xiangqin\xiangqin\Application\Home\Controller\PublicController.class.php 第 472 行.

[ 2020-01-14T10:58:42+08:00 ] 127.0.0.1 /index.php?m=Home&c=Index&a=index
INFO: [ app_init ] --START--
INFO: Run Behavior\BuildLiteBehavior [ RunTime:0.000005s ]
INFO: [ app_init ] --END-- [ RunTime:0.000161s ]
INFO: [ app_begin ] --START--
INFO: Run Behavior\ReadHtmlCacheBehavior [ RunTime:0.000203s ]
INFO: [ app_begin ] --END-- [ RunTime:0.000225s ]
NOTIC: [8192] mysql_connect(): The mysql extension is deprecated and will be removed in the future: use mysqli or PDO instead G:\phpstudy\WWW\xiangqin\xiangqin\ThinkPHP\Library\Think\Db\Driver\Mysql.class.php 第 52 行.
NOTIC: [8] Undefined index: mjpass G:\phpstudy\WWW\xiangqin\xiangqin\Application\Common\Controller\BaseController.class.php 第 49 行.
NOTIC: [8] Undefined index: mjpass G:\phpstudy\WWW\xiangqin\xiangqin\Application\Common\Controller\BaseController.class.php 第 55 行.
NOTIC: [8] Undefined variable: area2 G:\phpstudy\WWW\xiangqin\xiangqin\Application\Home\Controller\SiteController.class.php 第 475 行.
NOTIC: [8] Undefined index: id G:\phpstudy\WWW\xiangqin\xiangqin\Application\Home\Controller\IndexController.class.php 第 118 行.
NOTIC: [8] Undefined index: p G:\phpstudy\WWW\xiangqin\xiangqin\Application\Home\Controller\IndexController.class.php 第 134 行.
NOTIC: [8] Undefined index: mjpass G:\phpstudy\WWW\xiangqin\xiangqin\Application\Common\Controller\BaseController.class.php 第 49 行.
NOTIC: [8] Undefined index: mjpass G:\phpstudy\WWW\xiangqin\xiangqin\Application\Common\Controller\BaseController.class.php 第 55 行.
NOTIC: [8] Undefined index: p G:\phpstudy\WWW\xiangqin\xiangqin\Application\Home\Controller\IndexController.class.php 第 191 行.
INFO: [ view_parse ] --START--
INFO: Run Behavior\ParseTemplateBehavior [ RunTime:0.000747s ]
INFO: [ view_parse ] --END-- [ RunTime:0.000789s ]
INFO: [ view_filter ] --START--
INFO: Run Behavior\WriteHtmlCacheBehavior [ RunTime:0.000207s ]
INFO: [ view_filter ] --END-- [ RunTime:0.000222s ]
INFO: [ view_parse ] --START--
INFO: Run Behavior\ParseTemplateBehavior [ RunTime:0.000211s ]
INFO: [ view_parse ] --END-- [ RunTime:-0.000312s ]
INFO: [ view_filter ] --START--
INFO: Run Behavior\WriteHtmlCacheBehavior [ RunTime:0.000004s ]
INFO: [ view_filter ] --END-- [ RunTime:-0.000311s ]
INFO: [ view_parse ] --START--
INFO: Run Behavior\ParseTemplateBehavior [ RunTime:0.000550s ]
INFO: [ view_parse ] --END-- [ RunTime:-0.000630s ]
INFO: [ view_filter ] --START--
INFO: Run Behavior\WriteHtmlCacheBehavior [ RunTime:0.000004s ]
INFO: [ view_filter ] --END-- [ RunTime:-0.000969s ]
INFO: [ view_parse ] --START--
NOTIC: [8] Undefined variable: nav G:\phpstudy\WWW\xiangqin\xiangqin\Runtime\Cache\Home\790ff478b1983d6e92bf7e00b16c0783.php 第 5 行.
NOTIC: [8] Undefined variable: nav G:\phpstudy\WWW\xiangqin\xiangqin\Runtime\Cache\Home\790ff478b1983d6e92bf7e00b16c0783.php 第 6 行.
NOTIC: [8] Undefined variable: nav G:\phpstudy\WWW\xiangqin\xiangqin\Runtime\Cache\Home\790ff478b1983d6e92bf7e00b16c0783.php 第 7 行.
NOTIC: [8] Undefined variable: nav G:\phpstudy\WWW\xiangqin\xiangqin\Runtime\Cache\Home\790ff478b1983d6e92bf7e00b16c0783.php 第 8 行.
NOTIC: [8] Undefined variable: nav G:\phpstudy\WWW\xiangqin\xiangqin\Runtime\Cache\Home\790ff478b1983d6e92bf7e00b16c0783.php 第 9 行.
NOTIC: [8] Undefined variable: qg G:\phpstudy\WWW\xiangqin\xiangqin\Runtime\Cache\Home\790ff478b1983d6e92bf7e00b16c0783.php 第 51 行.
INFO: Run Behavior\ParseTemplateBehavior [ RunTime:0.005241s ]
INFO: [ view_parse ] --END-- [ RunTime:-0.001506s ]
INFO: [ view_filter ] --START--
INFO: Run Behavior\WriteHtmlCacheBehavior [ RunTime:0.000005s ]
INFO: [ view_filter ] --END-- [ RunTime:-0.006541s ]
INFO: [ app_end ] --START--
INFO: Run Behavior\ShowPageTraceBehavior [ RunTime:0.000288s ]
INFO: [ app_end ] --END-- [ RunTime:0.000308s ]

